<?xml version="1.0" encoding="UTF-8"?>
<!-- Generated by org.testng.reporters.JUnitReportReporter -->
<testsuite hostname="DESKTOP-8L6OUC8" failures="0" tests="1" name="com.ProjectName.Testclass.LoginTestVerification" time="0.333" errors="0" timestamp="2023-10-11T03:13:28 GMT-07:00" skipped="0">
  <testcase classname="com.ProjectName.Testclass.LoginTestVerification" name="Method_LoginTest" time="0.333"/>
  <system-out/>
</testsuite> <!-- com.ProjectName.Testclass.LoginTestVerification -->
